
-------------------------------------------------------------------
[Downloader2] Loaded configuration: normal
[Bootstrapper] createLauncher
[Bootstrapper] choose jvm:C:\Users\drago\AppData\Roaming\.tlauncher\jvms\jre1.8.0_281\bin\javaw.exe
[Bootstrapper] validate files
[Bootstrapper] end validated files
[Bootstrapper] Starting launcher...
[Double running] clear time label
> Loading configuration from file: C:\Users\drago\AppData\Roaming\.tlauncher\tlauncher-2.0.properties
> [Configuration] Constant values: {}
> [Loading] INITIALIZING
> Starting TLauncher 2.831 RELEASE
> For more information, visit https://tlauncher.org/
> Startup time: Dec 27, 2021 3:44:46 PM
> Running folder C:\Users\drago\AppData\Roaming\.minecraft
> ---
> [Loading] LOADING_CONFIGURATION
> Machine info: -------------------------------------------------------
> Windows 10 10.0, Java 1.8.0_281, jvm bit x64, 12249 MB RAM
> java path=C:\Users\drago\AppData\Roaming\.tlauncher\jvms\jre1.8.0_281\bin\javaw.exe
> Intel(R) Core(TM) i7-3770 CPU @ 3.40GHz
>  Radeon RX 570 Series, AMD Radeon Graphics Processor (0x67DF), 10200 MB, Radeon RX 570 Series, AMD Radeon Graphics Processor (0x67DF), 10200 MB, Radeon RX 570 Series, AMD Radeon Graphics Processor (0x67DF), 10200 MB
> -------------------------------------------------------
> Selected locale: en_US
> [Loading] LOADING_CONSOLE
> [Downloader2] Loaded configuration: good
> [Updater] Requesting an update...
> [Updater] Requesting from: https://repo.tlauncher.org/update/lch/update_2.0.json
> [Updater] Making request: https://repo.tlauncher.org/update/lch/update_2.0.json?version=2.831&client=45dabb4e-7feb-4838-9d85-de0d6c2d7db4
> [Updater] Request time: 183 ms
> [Updater] Successfully requested from: https://repo.tlauncher.org/update/lch/update_2.0.json
> [Browser] Loading resources...
> [Browser] Loading background...
> [Browser] Cleaning up after loading:
> Starting garbage collector: 41 / 179 MB
> Garbage collector completed: 18 / 179 MB
> [Loading] LOADING_MANAGERS
> [LocalVersionList] Base directory: C:\Users\drago\AppData\Roaming\.minecraft
> [ProfileManager] Refreshing profiles from: C:\Users\drago\AppData\Roaming\.minecraft\TlauncherProfiles.json
> [AdvertisingStatusObserver]  started to get ad information
> [AdvertisingStatusObserver]  finished to get add information
> save profiles
> [GsonUtil]  request to https://repo.tlauncher.org/update/downloads/libraries/org/tlauncher/authlib/libraries-1.7.json
> [Loading] LOADING_WINDOW
> [JFXStartPageLoader]  start load page: https://page.tlauncher.org/update/downloads/configs/client/eng.html
> [Browser] Running in JavaFX Thread
> [Browser] Preparing JavaFX...
> [REPO][SERVER_LIST_REPO] Success: Reached the repo in 63 ms.
> [Swing] Favicons loaded: 256px, 128px, 96px, 64px, 48px, 32px, 24px, 16px
> [Loading] PREPARING_MAINPANE
> [Browser] Initializing...
> [Downloader2] Loaded configuration: good
> [JFXStartPageLoader]  succeeded load page: https://page.tlauncher.org/update/downloads/configs/client/eng.html during 0
> [Browser@1072647752] Loaded successfully: "https://page.tlauncher.org/update/downloads/configs/client/eng.html"
> [Browser] add listens into server_choose
> [Browser] finished listens into server_choose
> [Loading] POSTINIT_GUI
> [Frame] Packing main frame...
> [Frame] Resizing main pane...
> Updater is already closed. Showing up...
> Visibility set.
> [Loading] REFRESHING_INFO
> [REPO][EXTRA_VERSION_REPO] Attempt #1; timeout: 20000 ms; url: https://repo.tlauncher.org/update/downloads/versions/new4/
> [VersionManager] Refreshing versions remotely...
> Started! (3819 ms.)
> [Loading] SUCCESS
[Bootstrapper] I can be terminated now: 0
